# JRE version: Java(TM) SE Runtime Environment (8.0_281-b09) (build 1.8.0_281-b09)
# Java VM: Java HotSpot(TM) 64-Bit Server VM (25.281-b09 mixed mode windows-amd64 compressed oops)
Heap:
 PSYoungGen      total 18944K, used 2102K [0x00000000eb200000, 0x00000000ec700000, 0x0000000100000000)
  eden space 16384K, 12% used [0x00000000eb200000,0x00000000eb40dbe8,0x00000000ec200000)
  from space 2560K, 0% used [0x00000000ec480000,0x00000000ec480000,0x00000000ec700000)
  to   space 2560K, 0% used [0x00000000ec200000,0x00000000ec200000,0x00000000ec480000)
 ParOldGen       total 33280K, used 2188K [0x00000000c1600000, 0x00000000c3680000, 0x00000000eb200000)
  object space 33280K, 6% used [0x00000000c1600000,0x00000000c18233d8,0x00000000c3680000)
 Metaspace       used 11571K, capacity 11768K, committed 11904K, reserved 1062912K
  class space    used 1505K, capacity 1576K, committed 1664K, reserved 1048576K
GC Heap History (8 events):
Event: 4.657 GC heap before
{Heap before GC invocations=1 (full 0):
 PSYoungGen      total 18944K, used 5577K [0x00000000eb200000, 0x00000000ec700000, 0x0000000100000000)
  eden space 16384K, 34% used [0x00000000eb200000,0x00000000eb7725c0,0x00000000ec200000)
  from space 2560K, 0% used [0x00000000ec480000,0x00000000ec480000,0x00000000ec700000)
  to   space 2560K, 0% used [0x00000000ec200000,0x00000000ec200000,0x00000000ec480000)
 ParOldGen       total 44032K, used 0K [0x00000000c1600000, 0x00000000c4100000, 0x00000000eb200000)
  object space 44032K, 0% used [0x00000000c1600000,0x00000000c1600000,0x00000000c4100000)
 Metaspace       used 9842K, capacity 9996K, committed 10112K, reserved 1062912K
  class space    used 1270K, capacity 1350K, committed 1408K, reserved 1048576K
Event: 4.671 GC heap after
Heap after GC invocations=1 (full 0):
 PSYoungGen      total 18944K, used 1664K [0x00000000eb200000, 0x00000000ec700000, 0x0000000100000000)
  eden space 16384K, 0% used [0x00000000eb200000,0x00000000eb200000,0x00000000ec200000)
  from space 2560K, 65% used [0x00000000ec200000,0x00000000ec3a0020,0x00000000ec480000)
  to   space 2560K, 0% used [0x00000000ec480000,0x00000000ec480000,0x00000000ec700000)
 ParOldGen       total 44032K, used 8K [0x00000000c1600000, 0x00000000c4100000, 0x00000000eb200000)
  object space 44032K, 0% used [0x00000000c1600000,0x00000000c1602000,0x00000000c4100000)
 Metaspace       used 9842K, capacity 9996K, committed 10112K, reserved 1062912K
  class space    used 1270K, capacity 1350K, committed 1408K, reserved 1048576K
}
Event: 4.671 GC heap before
{Heap before GC invocations=2 (full 1):
 PSYoungGen      total 18944K, used 1664K [0x00000000eb200000, 0x00000000ec700000, 0x0000000100000000)
  eden space 16384K, 0% used [0x00000000eb200000,0x00000000eb200000,0x00000000ec200000)
  from space 2560K, 65% used [0x00000000ec200000,0x00000000ec3a0020,0x00000000ec480000)
  to   space 2560K, 0% used [0x00000000ec480000,0x00000000ec480000,0x00000000ec700000)
 ParOldGen       total 44032K, used 8K [0x00000000c1600000, 0x00000000c4100000, 0x00000000eb200000)
  object space 44032K, 0% used [0x00000000c1600000,0x00000000c1602000,0x00000000c4100000)
 Metaspace       used 9842K, capacity 9996K, committed 10112K, reserved 1062912K
  class space    used 1270K, capacity 1350K, committed 1408K, reserved 1048576K
Event: 4.775 GC heap after
Heap after GC invocations=2 (full 1):
 PSYoungGen      total 18944K, used 0K [0x00000000eb200000, 0x00000000ec700000, 0x0000000100000000)
  eden space 16384K, 0% used [0x00000000eb200000,0x00000000eb200000,0x00000000ec200000)
  from space 2560K, 0% used [0x00000000ec200000,0x00000000ec200000,0x00000000ec480000)
  to   space 2560K, 0% used [0x00000000ec480000,0x00000000ec480000,0x00000000ec700000)
 ParOldGen       total 33280K, used 1567K [0x00000000c1600000, 0x00000000c3680000, 0x00000000eb200000)
  object space 33280K, 4% used [0x00000000c1600000,0x00000000c1787d00,0x00000000c3680000)
 Metaspace       used 9842K, capacity 9996K, committed 10112K, reserved 1060864K
  class space    used 1270K, capacity 1350K, committed 1408K, reserved 1048576K
}
Event: 6.778 GC heap before
{Heap before GC invocations=3 (full 1):
 PSYoungGen      total 18944K, used 1430K [0x00000000eb200000, 0x00000000ec700000, 0x0000000100000000)
  eden space 16384K, 8% used [0x00000000eb200000,0x00000000eb365aa0,0x00000000ec200000)
  from space 2560K, 0% used [0x00000000ec200000,0x00000000ec200000,0x00000000ec480000)
  to   space 2560K, 0% used [0x00000000ec480000,0x00000000ec480000,0x00000000ec700000)
 ParOldGen       total 33280K, used 1567K [0x00000000c1600000, 0x00000000c3680000, 0x00000000eb200000)
  object space 33280K, 4% used [0x00000000c1600000,0x00000000c1787d00,0x00000000c3680000)
 Metaspace       used 11153K, capacity 11320K, committed 11520K, reserved 1062912K
  class space    used 1449K, capacity 1512K, committed 1536K, reserved 1048576K
Event: 6.834 GC heap after
Heap after GC invocations=3 (full 1):
 PSYoungGen      total 18944K, used 1662K [0x00000000eb200000, 0x00000000ec700000, 0x0000000100000000)
  eden space 16384K, 0% used [0x00000000eb200000,0x00000000eb200000,0x00000000ec200000)
  from space 2560K, 64% used [0x00000000ec480000,0x00000000ec61f8e0,0x00000000ec700000)
  to   space 2560K, 0% used [0x00000000ec200000,0x00000000ec200000,0x00000000ec480000)
 ParOldGen       total 33280K, used 1575K [0x00000000c1600000, 0x00000000c3680000, 0x00000000eb200000)
  object space 33280K, 4% used [0x00000000c1600000,0x00000000c1789d00,0x00000000c3680000)
 Metaspace       used 11153K, capacity 11320K, committed 11520K, reserved 1062912K
  class space    used 1449K, capacity 1512K, committed 1536K, reserved 1048576K
}
Event: 6.834 GC heap before
{Heap before GC invocations=4 (full 2):
 PSYoungGen      total 18944K, used 1662K [0x00000000eb200000, 0x00000000ec700000, 0x0000000100000000)
  eden space 16384K, 0% used [0x00000000eb200000,0x00000000eb200000,0x00000000ec200000)
  from space 2560K, 64% used [0x00000000ec480000,0x00000000ec61f8e0,0x00000000ec700000)
  to   space 2560K, 0% used [0x00000000ec200000,0x00000000ec200000,0x00000000ec480000)
 ParOldGen       total 33280K, used 1575K [0x00000000c1600000, 0x00000000c3680000, 0x00000000eb200000)
  object space 33280K, 4% used [0x00000000c1600000,0x00000000c1789d00,0x00000000c3680000)
 Metaspace       used 11153K, capacity 11320K, committed 11520K, reserved 1062912K
  class space    used 1449K, capacity 1512K, committed 1536K, reserved 1048576K
Event: 6.900 GC heap after
Heap after GC invocations=4 (full 2):
 PSYoungGen      total 18944K, used 0K [0x00000000eb200000, 0x00000000ec700000, 0x0000000100000000)
  eden space 16384K, 0% used [0x00000000eb200000,0x00000000eb200000,0x00000000ec200000)
  from space 2560K, 0% used [0x00000000ec480000,0x00000000ec480000,0x00000000ec700000)
  to   space 2560K, 0% used [0x00000000ec200000,0x00000000ec200000,0x00000000ec480000)
 ParOldGen       total 33280K, used 2188K [0x00000000c1600000, 0x00000000c3680000, 0x00000000eb200000)
  object space 33280K, 6% used [0x00000000c1600000,0x00000000c18233d8,0x00000000c3680000)
 Metaspace       used 11153K, capacity 11320K, committed 11520K, reserved 1062912K
  class space    used 1449K, capacity 1512K, committed 1536K, reserved 1048576K
}

